0 info it worked if it ends with ok
1 verbose cli [ '/usr/local/bin/node',
1 verbose cli   '/usr/local/bin/npm',
1 verbose cli   'install',
1 verbose cli   'karma',
1 verbose cli   'phantomjs',
1 verbose cli   'jasmin' ]
2 info using npm@4.0.5
3 info using node@v7.4.0
4 silly loadCurrentTree Starting
5 silly install loadCurrentTree
6 silly install readLocalPackageData
7 silly fetchPackageMetaData karma
8 silly fetchPackageMetaData phantomjs
9 silly fetchPackageMetaData jasmin
10 silly fetchNamedPackageData karma
11 silly mapToRegistry name karma
12 silly mapToRegistry using default registry
13 silly mapToRegistry registry https://registry.npmjs.org/
14 silly mapToRegistry data Result {
14 silly mapToRegistry   raw: 'karma',
14 silly mapToRegistry   scope: null,
14 silly mapToRegistry   escapedName: 'karma',
14 silly mapToRegistry   name: 'karma',
14 silly mapToRegistry   rawSpec: '',
14 silly mapToRegistry   spec: 'latest',
14 silly mapToRegistry   type: 'tag' }
15 silly mapToRegistry uri https://registry.npmjs.org/karma
16 silly fetchNamedPackageData phantomjs
17 silly mapToRegistry name phantomjs
18 silly mapToRegistry using default registry
19 silly mapToRegistry registry https://registry.npmjs.org/
20 silly mapToRegistry data Result {
20 silly mapToRegistry   raw: 'phantomjs',
20 silly mapToRegistry   scope: null,
20 silly mapToRegistry   escapedName: 'phantomjs',
20 silly mapToRegistry   name: 'phantomjs',
20 silly mapToRegistry   rawSpec: '',
20 silly mapToRegistry   spec: 'latest',
20 silly mapToRegistry   type: 'tag' }
21 silly mapToRegistry uri https://registry.npmjs.org/phantomjs
22 silly fetchNamedPackageData jasmin
23 silly mapToRegistry name jasmin
24 silly mapToRegistry using default registry
25 silly mapToRegistry registry https://registry.npmjs.org/
26 silly mapToRegistry data Result {
26 silly mapToRegistry   raw: 'jasmin',
26 silly mapToRegistry   scope: null,
26 silly mapToRegistry   escapedName: 'jasmin',
26 silly mapToRegistry   name: 'jasmin',
26 silly mapToRegistry   rawSpec: '',
26 silly mapToRegistry   spec: 'latest',
26 silly mapToRegistry   type: 'tag' }
27 silly mapToRegistry uri https://registry.npmjs.org/jasmin
28 verbose request uri https://registry.npmjs.org/jasmin
29 verbose request no auth needed
30 info attempt registry request try #1 at 2:56:24 PM
31 verbose request id 9a1697b05c0ebefd
32 http request GET https://registry.npmjs.org/jasmin
33 verbose request uri https://registry.npmjs.org/phantomjs
34 verbose request no auth needed
35 info attempt registry request try #1 at 2:56:24 PM
36 verbose etag W/"586570da-1b456"
37 verbose lastModified Thu, 29 Dec 2016 20:23:54 GMT
38 http request GET https://registry.npmjs.org/phantomjs
39 verbose request uri https://registry.npmjs.org/karma
40 verbose request no auth needed
41 info attempt registry request try #1 at 2:56:24 PM
42 verbose etag W/"58847973-14bc8b"
43 verbose lastModified Sun, 22 Jan 2017 09:20:51 GMT
44 http request GET https://registry.npmjs.org/karma
45 http 304 https://registry.npmjs.org/karma
46 verbose headers { date: 'Sun, 22 Jan 2017 20:56:26 GMT',
46 verbose headers   via: '1.1 varnish',
46 verbose headers   'cache-control': 'max-age=300',
46 verbose headers   etag: 'W/"58847973-14bc8b"',
46 verbose headers   age: '66',
46 verbose headers   connection: 'keep-alive',
46 verbose headers   'x-served-by': 'cache-mia1320-MIA',
46 verbose headers   'x-cache': 'HIT',
46 verbose headers   'x-cache-hits': '10',
46 verbose headers   'x-timer': 'S1485118586.413869,VS0,VE0',
46 verbose headers   vary: 'Accept-Encoding' }
47 silly get cb [ 304,
47 silly get   { date: 'Sun, 22 Jan 2017 20:56:26 GMT',
47 silly get     via: '1.1 varnish',
47 silly get     'cache-control': 'max-age=300',
47 silly get     etag: 'W/"58847973-14bc8b"',
47 silly get     age: '66',
47 silly get     connection: 'keep-alive',
47 silly get     'x-served-by': 'cache-mia1320-MIA',
47 silly get     'x-cache': 'HIT',
47 silly get     'x-cache-hits': '10',
47 silly get     'x-timer': 'S1485118586.413869,VS0,VE0',
47 silly get     vary: 'Accept-Encoding' } ]
48 verbose etag https://registry.npmjs.org/karma from cache
49 verbose get saving karma to /home/carlos/.npm/registry.npmjs.org/karma/.cache.json
50 verbose correctMkdir /home/carlos/.npm correctMkdir not in flight; initializing
51 http 404 https://registry.npmjs.org/jasmin
52 verbose headers { 'content-type': 'application/json',
52 verbose headers   'cache-control': 'max-age=0',
52 verbose headers   'content-length': '2',
52 verbose headers   'accept-ranges': 'bytes',
52 verbose headers   date: 'Sun, 22 Jan 2017 20:56:26 GMT',
52 verbose headers   via: '1.1 varnish',
52 verbose headers   age: '0',
52 verbose headers   connection: 'keep-alive',
52 verbose headers   'x-served-by': 'cache-mia1321-MIA',
52 verbose headers   'x-cache': 'MISS',
52 verbose headers   'x-cache-hits': '0',
52 verbose headers   'x-timer': 'S1485118586.441269,VS0,VE314',
52 verbose headers   vary: 'Accept-Encoding' }
53 silly get cb [ 404,
53 silly get   { 'content-type': 'application/json',
53 silly get     'cache-control': 'max-age=0',
53 silly get     'content-length': '2',
53 silly get     'accept-ranges': 'bytes',
53 silly get     date: 'Sun, 22 Jan 2017 20:56:26 GMT',
53 silly get     via: '1.1 varnish',
53 silly get     age: '0',
53 silly get     connection: 'keep-alive',
53 silly get     'x-served-by': 'cache-mia1321-MIA',
53 silly get     'x-cache': 'MISS',
53 silly get     'x-cache-hits': '0',
53 silly get     'x-timer': 'S1485118586.441269,VS0,VE314',
53 silly get     vary: 'Accept-Encoding' } ]
54 silly fetchPackageMetaData Error: Registry returned 404 for GET on https://registry.npmjs.org/jasmin
54 silly fetchPackageMetaData     at makeError (/usr/local/lib/node_modules/npm/node_modules/npm-registry-client/lib/request.js:302:12)
54 silly fetchPackageMetaData     at CachingRegistryClient.<anonymous> (/usr/local/lib/node_modules/npm/node_modules/npm-registry-client/lib/request.js:280:14)
54 silly fetchPackageMetaData     at Request._callback (/usr/local/lib/node_modules/npm/node_modules/npm-registry-client/lib/request.js:210:14)
54 silly fetchPackageMetaData     at Request.self.callback (/usr/local/lib/node_modules/npm/node_modules/request/request.js:186:22)
54 silly fetchPackageMetaData     at emitTwo (events.js:106:13)
54 silly fetchPackageMetaData     at Request.emit (events.js:191:7)
54 silly fetchPackageMetaData     at Request.<anonymous> (/usr/local/lib/node_modules/npm/node_modules/request/request.js:1081:10)
54 silly fetchPackageMetaData     at emitOne (events.js:96:13)
54 silly fetchPackageMetaData     at Request.emit (events.js:188:7)
54 silly fetchPackageMetaData     at IncomingMessage.<anonymous> (/usr/local/lib/node_modules/npm/node_modules/request/request.js:1001:12)
54 silly fetchPackageMetaData  error for jasmin { Error: Registry returned 404 for GET on https://registry.npmjs.org/jasmin
54 silly fetchPackageMetaData     at makeError (/usr/local/lib/node_modules/npm/node_modules/npm-registry-client/lib/request.js:302:12)
54 silly fetchPackageMetaData     at CachingRegistryClient.<anonymous> (/usr/local/lib/node_modules/npm/node_modules/npm-registry-client/lib/request.js:280:14)
54 silly fetchPackageMetaData     at Request._callback (/usr/local/lib/node_modules/npm/node_modules/npm-registry-client/lib/request.js:210:14)
54 silly fetchPackageMetaData     at Request.self.callback (/usr/local/lib/node_modules/npm/node_modules/request/request.js:186:22)
54 silly fetchPackageMetaData     at emitTwo (events.js:106:13)
54 silly fetchPackageMetaData     at Request.emit (events.js:191:7)
54 silly fetchPackageMetaData     at Request.<anonymous> (/usr/local/lib/node_modules/npm/node_modules/request/request.js:1081:10)
54 silly fetchPackageMetaData     at emitOne (events.js:96:13)
54 silly fetchPackageMetaData     at Request.emit (events.js:188:7)
54 silly fetchPackageMetaData     at IncomingMessage.<anonymous> (/usr/local/lib/node_modules/npm/node_modules/request/request.js:1001:12) pkgid: 'jasmin', statusCode: 404, code: 'E404' }
55 http 304 https://registry.npmjs.org/phantomjs
56 verbose headers { date: 'Sun, 22 Jan 2017 20:56:27 GMT',
56 verbose headers   via: '1.1 varnish',
56 verbose headers   'cache-control': 'max-age=300',
56 verbose headers   etag: 'W/"586570da-1b456"',
56 verbose headers   age: '61',
56 verbose headers   connection: 'keep-alive',
56 verbose headers   'x-served-by': 'cache-mia1324-MIA',
56 verbose headers   'x-cache': 'HIT',
56 verbose headers   'x-cache-hits': '2',
56 verbose headers   'x-timer': 'S1485118587.409071,VS0,VE0',
56 verbose headers   vary: 'Accept-Encoding' }
57 silly get cb [ 304,
57 silly get   { date: 'Sun, 22 Jan 2017 20:56:27 GMT',
57 silly get     via: '1.1 varnish',
57 silly get     'cache-control': 'max-age=300',
57 silly get     etag: 'W/"586570da-1b456"',
57 silly get     age: '61',
57 silly get     connection: 'keep-alive',
57 silly get     'x-served-by': 'cache-mia1324-MIA',
57 silly get     'x-cache': 'HIT',
57 silly get     'x-cache-hits': '2',
57 silly get     'x-timer': 'S1485118587.409071,VS0,VE0',
57 silly get     vary: 'Accept-Encoding' } ]
58 verbose etag https://registry.npmjs.org/phantomjs from cache
59 verbose get saving phantomjs to /home/carlos/.npm/registry.npmjs.org/phantomjs/.cache.json
60 verbose correctMkdir /home/carlos/.npm correctMkdir not in flight; initializing
61 silly rollbackFailedOptional Starting
62 silly rollbackFailedOptional Finishing
63 silly runTopLevelLifecycles Finishing
64 silly install printInstalled
65 verbose stack Error: Registry returned 404 for GET on https://registry.npmjs.org/jasmin
65 verbose stack     at makeError (/usr/local/lib/node_modules/npm/node_modules/npm-registry-client/lib/request.js:302:12)
65 verbose stack     at CachingRegistryClient.<anonymous> (/usr/local/lib/node_modules/npm/node_modules/npm-registry-client/lib/request.js:280:14)
65 verbose stack     at Request._callback (/usr/local/lib/node_modules/npm/node_modules/npm-registry-client/lib/request.js:210:14)
65 verbose stack     at Request.self.callback (/usr/local/lib/node_modules/npm/node_modules/request/request.js:186:22)
65 verbose stack     at emitTwo (events.js:106:13)
65 verbose stack     at Request.emit (events.js:191:7)
65 verbose stack     at Request.<anonymous> (/usr/local/lib/node_modules/npm/node_modules/request/request.js:1081:10)
65 verbose stack     at emitOne (events.js:96:13)
65 verbose stack     at Request.emit (events.js:188:7)
65 verbose stack     at IncomingMessage.<anonymous> (/usr/local/lib/node_modules/npm/node_modules/request/request.js:1001:12)
66 verbose statusCode 404
67 verbose pkgid jasmin
68 verbose cwd /home/carlos/Coursera/Angular Js/Week 4/angular-yeoman
69 error Linux 4.4.0-57-generic
70 error argv "/usr/local/bin/node" "/usr/local/bin/npm" "install" "karma" "phantomjs" "jasmin"
71 error node v7.4.0
72 error npm  v4.0.5
73 error code E404
74 error 404 Registry returned 404 for GET on https://registry.npmjs.org/jasmin
75 error 404
76 error 404 'jasmin' is not in the npm registry.
77 error 404 You should bug the author to publish it (or use the name yourself!)
78 error 404 Note that you can also install from a
79 error 404 tarball, folder, http url, or git url.
80 verbose exit [ 1, true ]
